[+] Filename: C:\Users\Donovan\AppData\Local\Temp\baf037271e63b8f7a3661c71bef8428c\ElementEmbrace.exe
[i] Loading large file, it might take some time...
[+] x86 executable
[+] Embedded files are not compressed
[+] Filename: C:\Users\Donovan\AppData\Local\Temp\3e594f70470316d2c3d9ba685ece03b0\Game_boxed.exe
[i] Loading large file, it might take some time...
[+] x86 executable
[+] Embedded files are not compressed
[+] Filename: C:\Users\Donovan\AppData\Local\Temp\1e478a5299b85683a8f7c979beea9c00\Game_boxed.exe
[i] Loading large file, it might take some time...
[+] x86 executable
[+] Embedded files are not compressed
[+] Filename: C:\Users\Donovan\AppData\Local\Temp\6538559b690e64f3b98a7a42a28badea\Game_boxed.exe
[i] Loading large file, it might take some time...
[+] x86 executable
[+] Embedded files are not compressed
[+] Filename: C:\Users\Donovan\AppData\Local\Temp\3dd6c1287c704d6b0d76ce5479185f26\Game_boxed.exe
[i] Loading large file, it might take some time...
[+] x86 executable
[+] Embedded files are not compressed
[+] Filename: C:\Users\Donovan\AppData\Local\Temp\e940d488c0dc4261cf29d9c9c1055566\Game_boxed.exe
[i] Loading large file, it might take some time...
[+] x86 executable
[+] Embedded files are not compressed
[+] Filename: C:\Users\Donovan\AppData\Local\Temp\b068c03ba1d0d99e9f7d7671a092503d\Game_boxed.exe
[i] Loading large file, it might take some time...
[+] x86 executable
[+] Embedded files are not compressed
[+] Filename: C:\Users\Donovan\AppData\Local\Temp\ce12e226392fe59b83784c39ccc36130\Game_boxed.exe
[i] Loading large file, it might take some time...
[+] x64 executable
[+] Embedded files are not compressed
[+] Filename: C:\Users\Donovan\AppData\Local\Temp\53fab7a062c1d6aaecf9c781a97bff90\Game_boxed.exe
[i] Loading large file, it might take some time...
[+] x64 executable
[+] Embedded files are not compressed
[+] Filename: C:\Users\Donovan\AppData\Local\Temp\086faa99e0bff7e304df47f003c5f2e4\Game_boxed.exe
[i] Loading large file, it might take some time...
[+] x64 executable
[+] Embedded files are not compressed
[+] Filename: C:\Users\Donovan\AppData\Local\Temp\fdba143ddca4fac0a4cd1df266918a47\Game_boxed.exe
[i] Loading large file, it might take some time...
[+] x64 executable
[+] Embedded files are not compressed
[+] Filename: C:\Users\Donovan\AppData\Local\Temp\6ca35102f77de3d1df4790dd59305861\Game_boxed.exe
[i] Loading large file, it might take some time...
[+] x64 executable
[+] Embedded files are not compressed
[+] Filename: C:\Users\Donovan\AppData\Local\Temp\f290bd709272920b239f70cd0fd2c25c\Game_boxed.exe
[i] Loading large file, it might take some time...
[+] x64 executable
[+] Embedded files are not compressed
[+] Filename: C:\Users\Donovan\AppData\Local\Temp\0d4e156a9c7a6d592317d4cbc5c9ce35\Game_boxed.exe
[i] Loading large file, it might take some time...
[+] x64 executable
[+] Embedded files are not compressed
[+] Filename: C:\Users\Donovan\AppData\Local\Temp\f8e54fda60be9a5920e5a90285590752\Game_boxed.exe
[i] Loading large file, it might take some time...
[+] x64 executable
[+] Embedded files are not compressed
[+] Filename: C:\Users\Donovan\AppData\Local\Temp\4874b347977e25a8d39644980766e554\Game_boxed.exe
[i] Loading large file, it might take some time...
[+] x86 executable
[+] Embedded files are not compressed
[+] Filename: C:\Users\Donovan\AppData\Local\Temp\20bce64368bf267c37d13240a0a784fd\Game_boxed.exe
[i] Loading large file, it might take some time...
[+] x86 executable
[+] Embedded files are not compressed
[+] Filename: C:\Users\Donovan\AppData\Local\Temp\9d7c978a7bc1d05ee6c38da50adb4d9e\Game_boxed.exe
[i] Loading large file, it might take some time...
[+] x86 executable
[+] Embedded files are not compressed
[+] Filename: C:\Users\Donovan\AppData\Local\Temp\a9496896c02c553c556ae608d74df268\Game_boxed.exe
[i] Loading large file, it might take some time...
[+] x86 executable
[+] Embedded files are not compressed
[+] Filename: C:\Users\Donovan\AppData\Local\Temp\19b71842147f63ef6ca4006cd25abf9a\Game_boxed.exe
[i] Loading large file, it might take some time...
[+] x86 executable
[+] Embedded files are not compressed
[+] Filename: C:\Users\Donovan\AppData\Local\Temp\523293e0607ce0d773bd5501f243b8d4\Game_boxed.exe
[i] Loading large file, it might take some time...
[+] x86 executable
[+] Embedded files are not compressed
[+] Filename: C:\Users\Donovan\AppData\Local\Temp\dc0a9021e40cf8a0757cc264b7dea8d1\Game_boxed.exe
[i] Loading large file, it might take some time...
[+] x86 executable
[+] Embedded files are not compressed
[+] Filename: C:\Users\Donovan\AppData\Local\Temp\efefa83c1ab0c4c7dc3d661650c7d822\ÉÑÉåÇÈÉ`ÉPÉbÉg.exe
[i] Loading large file, it might take some time...
[+] x86 executable
[+] Embedded files are not compressed
[+] Filename: C:\Users\Donovan\AppData\Local\Temp\3e5a5430c633ed89923460f1c7e24ff4\åà’äXÇÃçïÇ¢âqï∫Å`ínâ∫äƒçñÇ∆èóé˙íBÅ`ver1.0.0.exe
[i] Loading large file, it might take some time...
[+] x86 executable
[+] Embedded files are not compressed
[+] Filename: C:\Users\Donovan\AppData\Local\Temp\05cecfabd403210960489281ff0766ac\Game.exe
[i] Loading large file, it might take some time...
[+] x86 executable
[+] Embedded files are not compressed
[+] Filename: C:\Users\donov\AppData\Local\Temp\e3ca6add3e01b800f164bb598ce689bf\Ç–Ç¬Ç∂ÇÃÇ‚Ç¬.exe
[i] Loading large file, it might take some time...
[+] x86 executable
[+] Embedded files are not compressed
[+] Filename: C:\Users\donov\AppData\Local\Temp\58e82364d1da20d4bdc735620b3d8710\Ç–Ç¬Ç∂ÇÃÇ‚Ç¬.exe
[i] Loading large file, it might take some time...
[+] x86 executable
[+] Embedded files are not compressed
[+] Filename: C:\Users\donov\AppData\Local\Temp\dd396963476933cd52bd5e71a4513a1d\katekai103.exe
[i] Loading large file, it might take some time...
[+] x86 executable
[+] Embedded files are not compressed
